warn: Non-existent resorce URL: /infoasd Method: GET
warn: Non-existent resorce URL: /infoasdasdsadasdasd Method: GET
warn: Non-existent resource URL: /users/signin/asdsad Method: GET
warn: Non-existent resource URL: /users/signin/asdsad Method: GET
warn: Non-existent resource URL: /random?cant=1 Method: GET
warn: Non-existent resource URL: /favicon.ico Method: GET
warn: Non-existent resource URL: /users/signin/asd Method: GET
warn: Non-existent resource URL: /users/signin/asdsaf Method: GET
warn: Non-existent resource URL: /users/signin/sdaasd Method: GET
warn: Non-existent resource URL: /users/signin/asdasd Method: GET
warn: Non-existent resource URL: /randomASDASD Method: GET
warn: Non-existent resource URL: /favicon.ico Method: GET
warn: Non-existent resource URL: /favicon.ico Method: GET
warn: Non-existent resource URL: /favicon.ico Method: GET
warn: Non-existent resource URL: /favicon.ico Method: GET
warn: Non-existent resource URL: /favicon.ico Method: GET
warn: Non-existent resource URL: /random?CANT=25 Method: GET
warn: Non-existent resource URL: /randoms?CANT=25 Method: GET
warn: Non-existent resource URL: /favicon.ico Method: GET
warn: Non-existent resource URL: /favicon.ico Method: GET
warn: Non-existent resource URL: /55 Method: GET
warn: Non-existent resource URL: /66 Method: GET
warn: Non-existent resource URL: /55 Method: GET
warn: Non-existent resource URL: /55 Method: GET
warn: Non-existent resource URL: /66 Method: GET
warn: Non-existent resource URL: /55 Method: GET
warn: Non-existent resource URL: /66 Method: GET
warn: Non-existent resource URL: /8 Method: GET
warn: Non-existent resource URL: /55 Method: GET
warn: Non-existent resource URL: /8 Method: GET
warn: Non-existent resource URL: /66 Method: GET
warn: Non-existent resource URL: /55 Method: GET
warn: Non-existent resource URL: /66 Method: GET
warn: Non-existent resource URL: /8 Method: GET
warn: Non-existent resource URL: /11 Method: GET
warn: Non-existent resource URL: /55 Method: GET
warn: Non-existent resource URL: /66 Method: GET
warn: Non-existent resource URL: /8 Method: GET
warn: Non-existent resource URL: /11 Method: GET
warn: Non-existent resource URL: /55 Method: GET
warn: Non-existent resource URL: /66 Method: GET
warn: Non-existent resource URL: /8 Method: GET
warn: Non-existent resource URL: /11 Method: GET
warn: Non-existent resource URL: /99 Method: GET
warn: Non-existent resource URL: /66 Method: GET
warn: Non-existent resource URL: /55 Method: GET
warn: Non-existent resource URL: /8 Method: GET
warn: Non-existent resource URL: /99 Method: GET
warn: Non-existent resource URL: /100 Method: GET
warn: Non-existent resource URL: /11 Method: GET
warn: Non-existent resource URL: /8 Method: GET
warn: Non-existent resource URL: /1 Method: GET
warn: Non-existent resource URL: /1 Method: GET
warn: Non-existent resource URL: /1 Method: GET
warn: Non-existent resource URL: /favicon.ico Method: GET
warn: Non-existent resource URL: /graphql Method: GET
warn: Non-existent resource URL: /graphql Method: GET
warn: Non-existent resource URL: /graphql Method: GET
warn: Non-existent resource URL: /favicon.ico Method: GET
warn: Non-existent resource URL: /graphql Method: GET
warn: Non-existent resource URL: /graphql Method: GET
